TN:
SF:.storybook/main.js
FN:21,(anonymous_0)
FNF:1
FNH:0
FNDA:0,(anonymous_0)
DA:1,1
DA:2,1
DA:23,0
DA:25,0
DA:27,0
DA:35,0
DA:61,0
DA:78,0
LF:8
LH:2
BRDA:30,0,0,0
BRDA:30,0,1,0
BRF:2
BRH:0
end_of_record
TN:
SF:.storybook/preview.js
FN:7,(anonymous_0)
FN:8,(anonymous_1)
FN:14,(anonymous_2)
FNF:3
FNH:0
FNDA:0,(anonymous_0)
FNDA:0,(anonymous_1)
FNDA:0,(anonymous_2)
DA:6,1
DA:11,1
DA:14,1
DA:15,0
DA:18,1
LF:5
LH:4
BRF:0
BRH:0
end_of_record
TN:
SF:src/components/Card/index.stories.tsx
FN:24,(anonymous_0)
FN:52,(anonymous_1)
FNF:2
FNH:1
FNDA:0,(anonymous_0)
FNDA:2,(anonymous_1)
DA:25,0
DA:52,2
DA:54,1
DA:55,1
DA:65,1
DA:66,1
LF:6
LH:5
BRF:0
BRH:0
end_of_record
TN:
SF:src/components/Card/index.tsx
FN:10,(anonymous_0)
FN:51,(anonymous_1)
FN:82,(anonymous_2)
FNF:3
FNH:3
FNDA:6,(anonymous_0)
FNDA:6,(anonymous_1)
FNDA:9,(anonymous_2)
DA:10,2
DA:21,6
DA:22,1
DA:35,5
DA:51,2
DA:68,6
DA:83,9
LF:7
LH:7
BRDA:21,0,0,1
BRDA:21,0,1,5
BRDA:57,1,0,0
BRDA:70,2,0,6
BRDA:70,2,1,6
BRDA:83,3,0,9
BRDA:83,3,1,1
BRF:7
BRH:6
end_of_record
TN:
SF:src/components/Content/index.stories.tsx
FN:74,(anonymous_0)
FNF:1
FNH:1
FNDA:1,(anonymous_0)
DA:11,1
DA:22,1
DA:24,1
DA:26,1
DA:30,1
DA:74,1
DA:75,1
DA:85,1
DA:86,1
LF:9
LH:9
BRF:0
BRH:0
end_of_record
TN:
SF:src/components/Content/index.tsx
FN:13,(anonymous_0)
FN:19,(anonymous_1)
FN:25,(anonymous_2)
FN:36,(anonymous_3)
FN:46,(anonymous_4)
FNF:5
FNH:4
FNDA:4,(anonymous_0)
FNDA:4,(anonymous_1)
FNDA:2,(anonymous_2)
FNDA:0,(anonymous_3)
FNDA:4,(anonymous_4)
DA:14,4
DA:15,4
DA:16,4
DA:22,4
DA:24,4
DA:28,2
DA:29,2
DA:32,1
DA:36,2
DA:37,0
DA:38,0
DA:42,4
DA:47,4
DA:48,4
LF:14
LH:12
BRDA:22,0,0,4
BRDA:22,0,1,0
BRDA:29,1,0,1
BRDA:29,1,1,1
BRF:4
BRH:3
end_of_record
TN:
SF:src/components/ExternalLink/index.tsx
FN:3,(anonymous_0)
FNF:1
FNH:1
FNDA:26,(anonymous_0)
DA:3,4
DA:16,26
LF:2
LH:2
BRDA:6,0,0,26
BRDA:7,1,0,10
BRDA:8,2,0,26
BRF:3
BRH:3
end_of_record
TN:
SF:src/components/Footer/index.stories.tsx
FN:17,(anonymous_0)
FNF:1
FNH:1
FNDA:1,(anonymous_0)
DA:17,1
DA:19,1
LF:2
LH:2
BRF:0
BRH:0
end_of_record
TN:
SF:src/components/Footer/index.tsx
FN:8,(anonymous_0)
FNF:1
FNH:1
FNDA:4,(anonymous_0)
DA:8,2
DA:9,4
LF:2
LH:2
BRF:0
BRH:0
end_of_record
TN:
SF:src/components/Gitalk/index.tsx
FN:19,(anonymous_0)
FN:26,(anonymous_1)
FN:41,(anonymous_2)
FNF:3
FNH:3
FNDA:1,(anonymous_0)
FNDA:1,(anonymous_1)
FNDA:1,(anonymous_2)
DA:4,1
DA:5,1
DA:20,1
DA:21,1
DA:22,1
DA:23,1
DA:24,1
DA:27,1
DA:39,1
DA:42,1
LF:10
LH:10
BRDA:5,0,0,1
BRDA:5,0,1,0
BRF:2
BRH:1
end_of_record
TN:
SF:src/components/Header/index.stories.tsx
FN:17,(anonymous_0)
FNF:1
FNH:1
FNDA:1,(anonymous_0)
DA:17,1
DA:19,1
DA:20,1
LF:3
LH:3
BRF:0
BRH:0
end_of_record
TN:
SF:src/components/Header/index.tsx
FN:6,(anonymous_0)
FN:41,(anonymous_1)
FN:52,(anonymous_2)
FNF:3
FNH:2
FNDA:5,(anonymous_0)
FNDA:0,(anonymous_1)
FNDA:1,(anonymous_2)
DA:6,2
DA:19,5
DA:42,0
DA:53,1
LF:4
LH:3
BRDA:7,0,0,1
BRDA:8,1,0,1
BRDA:9,2,0,1
BRDA:10,3,0,1
BRDA:11,4,0,1
BRDA:31,5,0,5
BRDA:31,5,1,4
BRDA:32,6,0,5
BRDA:32,6,1,4
BRDA:35,7,0,4
BRDA:35,7,1,3
BRF:11
BRH:11
end_of_record
TN:
SF:src/components/Layout/Head.tsx
FN:5,(anonymous_0)
FNF:1
FNH:1
FNDA:2,(anonymous_0)
DA:5,1
DA:6,2
LF:2
LH:2
BRF:0
BRH:0
end_of_record
TN:
SF:src/components/Navbar/index.stories.tsx
FN:17,(anonymous_0)
FNF:1
FNH:1
FNDA:1,(anonymous_0)
DA:17,1
DA:19,1
LF:2
LH:2
BRF:0
BRH:0
end_of_record
TN:
SF:src/components/Navbar/index.tsx
FN:16,(anonymous_0)
FN:27,(anonymous_1)
FNF:2
FNH:2
FNDA:4,(anonymous_0)
FNDA:1,(anonymous_1)
DA:9,2
DA:16,2
DA:17,4
DA:28,1
DA:32,1
LF:5
LH:5
BRF:0
BRH:0
end_of_record
TN:
SF:src/components/Navbar/NavItem/index.tsx
FN:7,(anonymous_0)
FN:11,(anonymous_1)
FNF:2
FNH:2
FNDA:11,(anonymous_0)
FNDA:1,(anonymous_1)
DA:7,3
DA:8,11
DA:12,1
DA:16,1
LF:4
LH:4
BRF:0
BRH:0
end_of_record
TN:
SF:src/components/RelatedCard/index.tsx
FN:9,(anonymous_0)
FN:12,(anonymous_1)
FN:30,(anonymous_2)
FN:53,(anonymous_3)
FNF:4
FNH:4
FNDA:1,(anonymous_0)
FNDA:1,(anonymous_1)
FNDA:1,(anonymous_2)
FNDA:1,(anonymous_3)
DA:9,1
DA:10,1
DA:12,1
DA:21,1
DA:30,1
DA:46,1
DA:54,1
LF:7
LH:7
BRDA:33,0,0,0
BRDA:35,1,0,1
BRDA:54,2,0,1
BRDA:54,2,1,0
BRF:4
BRH:2
end_of_record
TN:
SF:src/components/SEO/index.tsx
FN:15,(anonymous_0)
FN:92,(anonymous_1)
FNF:2
FNH:2
FNDA:3,(anonymous_0)
FNDA:3,(anonymous_1)
DA:15,2
DA:32,3
DA:34,3
DA:42,3
DA:43,1
DA:75,1
DA:89,3
DA:92,2
DA:101,3
LF:9
LH:9
BRDA:39,0,0,3
BRDA:39,0,1,0
BRDA:42,1,0,1
BRDA:42,1,1,2
BRDA:80,2,0,1
BRDA:80,2,1,0
BRDA:94,3,0,0
BRDA:125,4,0,1
BRDA:125,4,1,2
BRF:9
BRH:6
end_of_record
TN:
SF:src/components/SearchBox/index.stories.tsx
FN:22,(anonymous_0)
FN:27,(anonymous_1)
FN:38,(anonymous_2)
FNF:3
FNH:1
FNDA:2,(anonymous_0)
FNDA:0,(anonymous_1)
FNDA:0,(anonymous_2)
DA:22,2
DA:24,1
DA:26,1
DA:27,1
DA:29,0
DA:31,0
DA:38,0
DA:39,0
DA:40,0
LF:9
LH:4
BRF:0
BRH:0
end_of_record
TN:
SF:src/components/SearchBox/index.tsx
FN:36,(anonymous_0)
FN:37,(anonymous_1)
FN:40,(anonymous_2)
FN:41,(anonymous_3)
FN:44,(anonymous_4)
FN:53,(anonymous_5)
FN:76,(anonymous_6)
FN:89,(anonymous_7)
FNF:8
FNH:3
FNDA:6,(anonymous_0)
FNDA:0,(anonymous_1)
FNDA:0,(anonymous_2)
FNDA:0,(anonymous_3)
FNDA:6,(anonymous_4)
FNDA:0,(anonymous_5)
FNDA:0,(anonymous_6)
FNDA:6,(anonymous_7)
DA:17,2
DA:19,2
DA:21,2
DA:22,2
DA:27,2
DA:36,2
DA:37,6
DA:38,0
DA:40,0
DA:41,0
DA:45,6
DA:46,0
DA:48,6
DA:65,0
DA:77,0
DA:78,0
DA:84,0
DA:90,6
LF:18
LH:10
BRDA:17,0,0,2
BRDA:17,0,1,0
BRDA:23,1,0,2
BRDA:23,1,1,0
BRDA:24,2,0,2
BRDA:24,2,1,0
BRDA:28,3,0,2
BRDA:28,3,1,0
BRDA:28,3,2,0
BRDA:45,4,0,0
BRDA:45,4,1,6
BRF:11
BRH:5
end_of_record
TN:
SF:src/components/ShareBox/index.stories.tsx
FN:17,(anonymous_0)
FNF:1
FNH:1
FNDA:1,(anonymous_0)
DA:17,1
DA:18,1
DA:21,1
DA:22,1
LF:4
LH:4
BRF:0
BRH:0
end_of_record
TN:
SF:src/components/ShareBox/index.tsx
FN:7,(anonymous_0)
FN:13,(anonymous_1)
FN:24,(anonymous_2)
FN:30,(anonymous_3)
FN:41,(anonymous_4)
FN:56,(anonymous_5)
FN:72,(anonymous_6)
FN:88,(anonymous_7)
FN:106,(anonymous_8)
FNF:9
FNH:9
FNDA:10,(anonymous_0)
FNDA:1,(anonymous_1)
FNDA:10,(anonymous_2)
FNDA:1,(anonymous_3)
FNDA:11,(anonymous_4)
FNDA:1,(anonymous_5)
FNDA:1,(anonymous_6)
FNDA:1,(anonymous_7)
FNDA:1,(anonymous_8)
DA:7,2
DA:8,10
DA:14,1
DA:24,2
DA:25,10
DA:31,1
DA:41,2
DA:48,11
DA:57,1
DA:73,1
DA:89,1
DA:107,1
LF:12
LH:12
BRDA:43,0,0,1
BRDA:120,1,0,11
BRDA:120,1,1,10
BRDA:122,2,0,11
BRDA:122,2,1,10
BRF:5
BRH:5
end_of_record
TN:
SF:src/components/Sidebar/index.stories.tsx
FN:159,(anonymous_0)
FNF:1
FNH:1
FNDA:2,(anonymous_0)
DA:17,1
DA:84,1
DA:159,1
DA:160,2
DA:172,1
DA:173,1
LF:6
LH:6
BRF:0
BRH:0
end_of_record
TN:
SF:src/components/Sidebar/index.tsx
FN:15,(anonymous_0)
FN:50,(anonymous_1)
FN:59,(anonymous_2)
FN:62,(anonymous_3)
FN:70,(anonymous_4)
FN:83,(anonymous_5)
FN:107,(anonymous_6)
FN:119,(anonymous_7)
FN:130,(anonymous_8)
FN:177,(anonymous_9)
FN:216,(anonymous_10)
FNF:11
FNH:5
FNDA:4,(anonymous_0)
FNDA:1,(anonymous_1)
FNDA:1,(anonymous_2)
FNDA:0,(anonymous_3)
FNDA:6,(anonymous_4)
FNDA:8,(anonymous_5)
FNDA:0,(anonymous_6)
FNDA:0,(anonymous_7)
FNDA:0,(anonymous_8)
FNDA:0,(anonymous_9)
FNDA:0,(anonymous_10)
DA:15,1
DA:24,4
DA:50,1
DA:59,1
DA:60,1
DA:61,1
DA:63,0
DA:66,1
DA:69,1
DA:71,6
DA:82,1
DA:84,8
DA:93,1
DA:108,0
DA:120,0
DA:131,0
DA:171,1
DA:178,0
DA:216,0
LF:19
LH:13
BRDA:60,0,0,1
BRDA:60,0,1,0
BRDA:74,1,0,6
BRDA:74,1,1,0
BRDA:75,2,0,6
BRDA:75,2,1,0
BRDA:78,3,0,6
BRDA:78,3,1,0
BRDA:87,4,0,8
BRDA:87,4,1,0
BRDA:88,5,0,8
BRDA:88,5,1,0
BRF:12
BRH:6
end_of_record
TN:
SF:src/components/Sidebar/Archive/index.tsx
FN:9,(anonymous_0)
FN:13,(anonymous_1)
FN:20,(anonymous_2)
FN:23,(anonymous_3)
FN:25,(anonymous_4)
FN:32,(anonymous_5)
FNF:6
FNH:6
FNDA:6,(anonymous_0)
FNDA:1,(anonymous_1)
FNDA:5,(anonymous_2)
FNDA:13,(anonymous_3)
FNDA:1,(anonymous_4)
FNDA:6,(anonymous_5)
DA:9,2
DA:10,6
DA:14,1
DA:20,2
DA:21,5
DA:23,13
DA:25,1
DA:26,5
DA:32,6
LF:9
LH:9
BRDA:25,0,0,1
BRDA:25,0,1,0
BRF:2
BRH:1
end_of_record
TN:
SF:src/components/Sidebar/Information/index.tsx
FN:7,(anonymous_0)
FNF:1
FNH:1
FNDA:1,(anonymous_0)
DA:7,1
DA:16,1
LF:2
LH:2
BRDA:9,0,0,0
BRF:1
BRH:0
end_of_record
TN:
SF:src/components/Sidebar/LatestPost/index.tsx
FN:19,(anonymous_0)
FN:32,(anonymous_1)
FN:40,(anonymous_2)
FNF:3
FNH:3
FNDA:7,(anonymous_0)
FNDA:12,(anonymous_1)
FNDA:1,(anonymous_2)
DA:19,2
DA:26,7
DA:33,12
DA:41,1
LF:4
LH:4
BRDA:35,0,0,12
BRDA:35,0,1,3
BRDA:35,0,2,1
BRDA:38,1,0,12
BRDA:38,1,1,3
BRDA:38,1,2,1
BRF:6
BRH:6
end_of_record
TN:
SF:src/components/Sidebar/Subscription/index.stories.tsx
FN:17,(anonymous_0)
FNF:1
FNH:1
FNDA:1,(anonymous_0)
DA:17,1
DA:18,1
DA:21,1
LF:3
LH:3
BRF:0
BRH:0
end_of_record
TN:
SF:src/components/Sidebar/Subscription/index.tsx
FN:6,(anonymous_0)
FN:12,(anonymous_1)
FNF:2
FNH:2
FNDA:4,(anonymous_0)
FNDA:1,(anonymous_1)
DA:6,2
DA:7,4
DA:13,1
LF:3
LH:3
BRF:0
BRH:0
end_of_record
TN:
SF:src/components/Sidebar/TagCloud/index.stories.tsx
FN:30,(anonymous_0)
FNF:1
FNH:1
FNDA:1,(anonymous_0)
DA:8,1
DA:30,1
DA:31,1
DA:34,1
DA:35,1
LF:5
LH:5
BRF:0
BRH:0
end_of_record
TN:
SF:src/components/Sidebar/TagCloud/index.tsx
FN:7,(anonymous_0)
FN:10,(anonymous_1)
FN:11,(anonymous_2)
FN:21,(anonymous_3)
FN:32,(anonymous_4)
FNF:5
FNH:5
FNDA:3,(anonymous_0)
FNDA:11,(anonymous_1)
FNDA:25,(anonymous_2)
FNDA:4,(anonymous_3)
FNDA:7,(anonymous_4)
DA:7,2
DA:8,3
DA:10,3
DA:11,11
DA:12,25
DA:13,18
DA:15,7
DA:20,3
DA:21,4
DA:23,3
DA:24,3
DA:33,7
LF:12
LH:12
BRDA:12,0,0,18
BRDA:12,0,1,7
BRF:2
BRH:2
end_of_record
TN:
SF:src/components/Sidebar/WordCloud/index.stories.tsx
FN:17,(anonymous_0)
FNF:1
FNH:1
FNDA:1,(anonymous_0)
DA:17,1
DA:19,1
LF:2
LH:2
BRF:0
BRH:0
end_of_record
TN:
SF:src/components/Sidebar/WordCloud/index.tsx
FN:9,(anonymous_0)
FNF:1
FNH:1
FNDA:3,(anonymous_0)
DA:7,2
DA:9,2
DA:10,3
LF:3
LH:3
BRF:0
BRH:0
end_of_record
TN:
SF:src/components/Tag/index.stories.tsx
FN:17,(anonymous_0)
FNF:1
FNH:1
FNDA:1,(anonymous_0)
DA:17,1
DA:19,1
DA:20,1
LF:3
LH:3
BRF:0
BRH:0
end_of_record
TN:
SF:src/components/Tag/index.tsx
FN:6,(anonymous_0)
FN:17,(anonymous_1)
FNF:2
FNH:2
FNDA:27,(anonymous_0)
FNDA:1,(anonymous_1)
DA:6,5
DA:13,27
DA:18,1
LF:3
LH:3
BRDA:8,0,0,10
BRF:1
BRH:1
end_of_record
TN:
SF:src/components/TimeToRead/index.stories.tsx
FN:17,(anonymous_0)
FNF:1
FNH:1
FNDA:1,(anonymous_0)
DA:17,1
DA:18,1
DA:21,1
DA:22,1
LF:4
LH:4
BRF:0
BRH:0
end_of_record
TN:
SF:src/components/TimeToRead/index.tsx
FN:4,(anonymous_0)
FNF:1
FNH:1
FNDA:3,(anonymous_0)
DA:4,2
DA:5,3
LF:2
LH:2
BRF:0
BRH:0
end_of_record
TN:
SF:src/pages/404.stories.tsx
FN:35,(anonymous_0)
FNF:1
FNH:1
FNDA:1,(anonymous_0)
DA:17,1
DA:35,1
DA:36,1
DA:39,1
DA:40,1
LF:5
LH:5
BRF:0
BRH:0
end_of_record
TN:
SF:src/pages/404.tsx
FN:8,(anonymous_0)
FN:15,(anonymous_1)
FNF:2
FNH:2
FNDA:1,(anonymous_0)
FNDA:3,(anonymous_1)
DA:8,1
DA:9,1
DA:16,3
DA:28,1
LF:4
LH:4
BRF:0
BRH:0
end_of_record
TN:
SF:src/pages/tags.stories.tsx
FN:6,(anonymous_0)
FN:6,(anonymous_1)
FN:35,(anonymous_2)
FNF:3
FNH:3
FNDA:1,(anonymous_0)
FNDA:1,(anonymous_1)
FNDA:1,(anonymous_2)
DA:6,1
DA:7,1
DA:21,1
DA:35,1
DA:37,1
DA:38,1
LF:6
LH:6
BRF:0
BRH:0
end_of_record
TN:
SF:src/pages/tags.tsx
FN:10,(anonymous_0)
FN:12,(anonymous_1)
FN:13,(anonymous_2)
FN:25,(anonymous_3)
FN:34,(anonymous_4)
FNF:5
FNH:5
FNDA:1,(anonymous_0)
FNDA:1,(anonymous_1)
FNDA:8,(anonymous_2)
FNDA:4,(anonymous_3)
FNDA:5,(anonymous_4)
DA:10,1
DA:11,1
DA:12,1
DA:13,1
DA:14,8
DA:15,8
DA:16,3
DA:18,5
DA:24,1
DA:25,4
DA:28,1
DA:35,5
DA:54,1
LF:13
LH:13
BRDA:14,0,0,8
BRDA:14,0,1,0
BRDA:15,1,0,3
BRDA:15,1,1,5
BRF:4
BRH:3
end_of_record
TN:
SF:src/utils/images.ts
FN:18,(anonymous_0)
FNF:1
FNH:1
FNDA:20,(anonymous_0)
DA:7,4
DA:18,4
DA:22,20
DA:23,2
DA:28,18
DA:30,2
DA:31,1
DA:33,1
DA:36,16
DA:38,1
DA:39,1
DA:41,1
DA:42,1
DA:44,1
DA:45,1
DA:47,1
DA:48,1
DA:50,10
DA:51,10
DA:53,1
DA:54,1
DA:56,1
DA:59,16
DA:61,16
DA:62,7
DA:64,9
LF:26
LH:26
BRDA:20,0,0,6
BRDA:22,1,0,2
BRDA:22,1,1,18
BRDA:28,2,0,2
BRDA:28,2,1,16
BRDA:30,3,0,1
BRDA:30,3,1,1
BRDA:36,4,0,1
BRDA:36,4,1,1
BRDA:36,4,2,1
BRDA:36,4,3,1
BRDA:36,4,4,10
BRDA:36,4,5,1
BRDA:36,4,6,1
BRDA:61,5,0,7
BRDA:61,5,1,9
BRF:16
BRH:16
end_of_record
TN:
SF:src/utils/index.ts
FN:4,(anonymous_0)
FN:6,(anonymous_1)
FNF:2
FNH:2
FNDA:3,(anonymous_0)
FNDA:1,(anonymous_1)
DA:4,3
DA:6,3
LF:2
LH:2
BRF:0
BRH:0
end_of_record
