TN:
SF:src/components/Card/index.tsx
FN:10,(anonymous_0)
FN:70,(anonymous_1)
FN:101,(anonymous_2)
FNF:3
FNH:3
FNDA:4,(anonymous_0)
FNDA:4,(anonymous_1)
FNDA:7,(anonymous_2)
DA:10,1
DA:21,4
DA:23,4
DA:24,1
DA:38,3
DA:39,2
DA:55,1
DA:70,1
DA:87,4
DA:102,7
LF:10
LH:10
BRDA:23,0,0,1
BRDA:23,0,1,3
BRDA:38,1,0,2
BRDA:38,1,1,1
BRDA:76,2,0,0
BRDA:89,3,0,4
BRDA:89,3,1,4
BRDA:102,4,0,7
BRDA:102,4,1,1
BRF:9
BRH:8
end_of_record
TN:
SF:src/components/Content/index.tsx
FN:13,(anonymous_0)
FN:19,(anonymous_1)
FN:25,(anonymous_2)
FN:36,(anonymous_3)
FN:46,(anonymous_4)
FNF:5
FNH:4
FNDA:3,(anonymous_0)
FNDA:3,(anonymous_1)
FNDA:2,(anonymous_2)
FNDA:0,(anonymous_3)
FNDA:3,(anonymous_4)
DA:14,3
DA:15,3
DA:16,3
DA:22,3
DA:24,3
DA:28,2
DA:29,2
DA:32,1
DA:36,2
DA:37,0
DA:38,0
DA:42,3
DA:47,3
DA:48,3
LF:14
LH:12
BRDA:22,0,0,3
BRDA:22,0,1,0
BRDA:29,1,0,1
BRDA:29,1,1,1
BRF:4
BRH:3
end_of_record
TN:
SF:src/components/ExternalLink/index.tsx
FN:3,(anonymous_0)
FNF:1
FNH:1
FNDA:28,(anonymous_0)
DA:3,3
DA:16,28
LF:2
LH:2
BRDA:6,0,0,28
BRDA:7,1,0,8
BRDA:8,2,0,28
BRF:3
BRH:3
end_of_record
TN:
SF:src/components/Footer/index.tsx
FN:8,(anonymous_0)
FNF:1
FNH:1
FNDA:3,(anonymous_0)
DA:8,1
DA:9,3
LF:2
LH:2
BRF:0
BRH:0
end_of_record
TN:
SF:src/components/Header/index.tsx
FN:6,(anonymous_0)
FN:41,(anonymous_1)
FN:53,(anonymous_2)
FNF:3
FNH:2
FNDA:4,(anonymous_0)
FNDA:0,(anonymous_1)
FNDA:1,(anonymous_2)
DA:6,1
DA:19,4
DA:42,0
DA:54,1
LF:4
LH:3
BRDA:7,0,0,1
BRDA:8,1,0,1
BRDA:9,2,0,1
BRDA:10,3,0,1
BRDA:11,4,0,1
BRDA:31,5,0,4
BRDA:31,5,1,3
BRDA:32,6,0,4
BRDA:32,6,1,3
BRDA:35,7,0,3
BRDA:35,7,1,2
BRF:11
BRH:11
end_of_record
TN:
SF:src/components/Layout/Head.tsx
FN:5,(anonymous_0)
FNF:1
FNH:1
FNDA:1,(anonymous_0)
DA:5,1
DA:6,1
LF:2
LH:2
BRF:0
BRH:0
end_of_record
TN:
SF:src/components/Navbar/index.tsx
FN:16,(anonymous_0)
FN:27,(anonymous_1)
FNF:2
FNH:2
FNDA:5,(anonymous_0)
FNDA:1,(anonymous_1)
DA:9,1
DA:16,1
DA:17,5
DA:28,1
DA:32,1
LF:5
LH:5
BRDA:16,0,0,3
BRDA:42,1,0,1
BRDA:42,1,1,4
BRF:3
BRH:3
end_of_record
TN:
SF:src/components/Navbar/NavItem/index.tsx
FN:7,(anonymous_0)
FN:11,(anonymous_1)
FNF:2
FNH:2
FNDA:8,(anonymous_0)
FNDA:1,(anonymous_1)
DA:7,2
DA:8,8
DA:12,1
DA:16,1
LF:4
LH:4
BRF:0
BRH:0
end_of_record
TN:
SF:src/components/RelatedCard/index.tsx
FN:9,(anonymous_0)
FN:12,(anonymous_1)
FN:30,(anonymous_2)
FN:53,(anonymous_3)
FNF:4
FNH:4
FNDA:1,(anonymous_0)
FNDA:1,(anonymous_1)
FNDA:1,(anonymous_2)
FNDA:1,(anonymous_3)
DA:9,1
DA:10,1
DA:12,1
DA:21,1
DA:30,1
DA:46,1
DA:54,1
LF:7
LH:7
BRDA:33,0,0,0
BRDA:35,1,0,1
BRDA:54,2,0,1
BRDA:54,2,1,0
BRF:4
BRH:2
end_of_record
TN:
SF:src/components/SEO/index.tsx
FN:20,(anonymous_0)
FN:153,(anonymous_1)
FNF:2
FNH:2
FNDA:2,(anonymous_0)
FNDA:2,(anonymous_1)
DA:20,1
DA:43,2
DA:46,2
DA:60,2
DA:78,2
DA:80,1
DA:118,1
DA:150,2
DA:153,1
DA:167,2
DA:172,2
DA:178,2
DA:182,2
LF:13
LH:13
BRDA:64,0,0,2
BRDA:64,0,1,1
BRDA:78,1,0,1
BRDA:78,1,1,1
BRDA:136,2,0,1
BRDA:136,2,1,0
BRDA:137,3,0,1
BRDA:137,3,1,0
BRDA:137,3,2,0
BRDA:155,4,0,0
BRDA:161,5,0,2
BRDA:165,6,0,1
BRDA:190,7,0,2
BRDA:190,7,1,1
BRDA:191,8,0,2
BRDA:191,8,1,0
BRDA:236,9,0,1
BRDA:236,9,1,1
BRDA:251,10,0,2
BRDA:251,10,1,1
BRDA:255,11,0,1
BRDA:255,11,1,0
BRDA:259,12,0,1
BRDA:259,12,1,0
BRDA:259,12,2,0
BRDA:261,13,0,1
BRDA:261,13,1,0
BRF:27
BRH:18
end_of_record
TN:
SF:src/components/SearchBox/index.tsx
FN:36,(anonymous_0)
FN:37,(anonymous_1)
FN:40,(anonymous_2)
FN:41,(anonymous_3)
FN:44,(anonymous_4)
FN:53,(anonymous_5)
FN:76,(anonymous_6)
FN:89,(anonymous_7)
FNF:8
FNH:3
FNDA:3,(anonymous_0)
FNDA:0,(anonymous_1)
FNDA:0,(anonymous_2)
FNDA:0,(anonymous_3)
FNDA:3,(anonymous_4)
FNDA:0,(anonymous_5)
FNDA:0,(anonymous_6)
FNDA:3,(anonymous_7)
DA:17,1
DA:19,1
DA:21,1
DA:22,1
DA:27,1
DA:36,1
DA:37,3
DA:38,0
DA:40,0
DA:41,0
DA:45,3
DA:46,0
DA:48,3
DA:65,0
DA:77,0
DA:78,0
DA:84,0
DA:90,3
LF:18
LH:10
BRDA:17,0,0,1
BRDA:17,0,1,0
BRDA:23,1,0,1
BRDA:23,1,1,0
BRDA:24,2,0,1
BRDA:24,2,1,0
BRDA:28,3,0,1
BRDA:28,3,1,0
BRDA:28,3,2,0
BRDA:45,4,0,0
BRDA:45,4,1,3
BRF:11
BRH:5
end_of_record
TN:
SF:src/components/ShareBox/index.tsx
FN:7,(anonymous_0)
FN:13,(anonymous_1)
FN:26,(anonymous_2)
FN:35,(anonymous_3)
FN:53,(anonymous_4)
FN:69,(anonymous_5)
FN:87,(anonymous_6)
FNF:7
FNH:7
FNDA:7,(anonymous_0)
FNDA:1,(anonymous_1)
FNDA:7,(anonymous_2)
FNDA:1,(anonymous_3)
FNDA:1,(anonymous_4)
FNDA:1,(anonymous_5)
FNDA:1,(anonymous_6)
DA:7,1
DA:8,7
DA:14,1
DA:15,1
DA:26,1
DA:27,7
DA:36,1
DA:54,1
DA:70,1
DA:88,1
LF:10
LH:10
BRF:0
BRH:0
end_of_record
TN:
SF:src/components/Sidebar/Archive/index.tsx
FN:9,(anonymous_0)
FN:12,(anonymous_1)
FN:14,(anonymous_2)
FN:21,(anonymous_3)
FN:26,(anonymous_4)
FNF:5
FNH:5
FNDA:4,(anonymous_0)
FNDA:5,(anonymous_1)
FNDA:1,(anonymous_2)
FNDA:5,(anonymous_3)
FNDA:1,(anonymous_4)
DA:9,1
DA:10,4
DA:12,5
DA:14,1
DA:15,4
DA:22,5
DA:27,1
LF:7
LH:7
BRDA:14,0,0,1
BRDA:14,0,1,0
BRF:2
BRH:1
end_of_record
TN:
SF:src/components/Sidebar/LatestPost/index.tsx
FN:19,(anonymous_0)
FN:32,(anonymous_1)
FN:40,(anonymous_2)
FNF:3
FNH:3
FNDA:6,(anonymous_0)
FNDA:6,(anonymous_1)
FNDA:1,(anonymous_2)
DA:19,1
DA:26,6
DA:33,6
DA:41,1
LF:4
LH:4
BRDA:35,0,0,6
BRDA:35,0,1,3
BRDA:35,0,2,1
BRDA:38,1,0,6
BRDA:38,1,1,3
BRDA:38,1,2,1
BRF:6
BRH:6
end_of_record
TN:
SF:src/components/Sidebar/Subscription/index.tsx
FN:6,(anonymous_0)
FN:12,(anonymous_1)
FNF:2
FNH:2
FNDA:2,(anonymous_0)
FNDA:1,(anonymous_1)
DA:6,1
DA:7,2
DA:13,1
LF:3
LH:3
BRF:0
BRH:0
end_of_record
TN:
SF:src/components/Sidebar/TagCloud/index.tsx
FN:7,(anonymous_0)
FN:10,(anonymous_1)
FN:11,(anonymous_2)
FN:21,(anonymous_3)
FN:32,(anonymous_4)
FNF:5
FNH:5
FNDA:1,(anonymous_0)
FNDA:2,(anonymous_1)
FNDA:4,(anonymous_2)
FNDA:1,(anonymous_3)
FNDA:2,(anonymous_4)
DA:7,1
DA:8,1
DA:10,1
DA:11,2
DA:12,4
DA:13,2
DA:15,2
DA:20,1
DA:21,1
DA:23,1
DA:24,1
DA:33,2
LF:12
LH:12
BRDA:12,0,0,2
BRDA:12,0,1,2
BRF:2
BRH:2
end_of_record
TN:
SF:src/components/Sidebar/WordCloud/index.tsx
FN:9,(anonymous_0)
FNF:1
FNH:1
FNDA:1,(anonymous_0)
DA:7,1
DA:9,1
DA:10,1
LF:3
LH:3
BRF:0
BRH:0
end_of_record
TN:
SF:src/components/Tag/index.tsx
FN:6,(anonymous_0)
FN:17,(anonymous_1)
FNF:2
FNH:2
FNDA:14,(anonymous_0)
FNDA:1,(anonymous_1)
DA:6,4
DA:13,14
DA:18,1
LF:3
LH:3
BRDA:8,0,0,8
BRF:1
BRH:1
end_of_record
TN:
SF:src/components/TimeToRead/index.tsx
FN:4,(anonymous_0)
FNF:1
FNH:1
FNDA:2,(anonymous_0)
DA:4,1
DA:5,2
LF:2
LH:2
BRF:0
BRH:0
end_of_record
TN:
SF:src/utils/images.ts
FN:18,(anonymous_0)
FNF:1
FNH:1
FNDA:18,(anonymous_0)
DA:7,3
DA:18,3
DA:22,18
DA:23,2
DA:28,16
DA:30,2
DA:31,1
DA:33,1
DA:36,14
DA:38,1
DA:39,1
DA:41,1
DA:42,1
DA:44,1
DA:45,1
DA:47,1
DA:48,1
DA:50,8
DA:51,8
DA:53,1
DA:54,1
DA:56,1
DA:59,14
DA:61,14
DA:62,5
DA:64,9
LF:26
LH:26
BRDA:20,0,0,6
BRDA:22,1,0,2
BRDA:22,1,1,16
BRDA:28,2,0,2
BRDA:28,2,1,14
BRDA:30,3,0,1
BRDA:30,3,1,1
BRDA:36,4,0,1
BRDA:36,4,1,1
BRDA:36,4,2,1
BRDA:36,4,3,1
BRDA:36,4,4,8
BRDA:36,4,5,1
BRDA:36,4,6,1
BRDA:61,5,0,5
BRDA:61,5,1,9
BRF:16
BRH:16
end_of_record
TN:
SF:src/utils/index.ts
FN:4,(anonymous_0)
FN:6,(anonymous_1)
FNF:2
FNH:2
FNDA:1,(anonymous_0)
FNDA:1,(anonymous_1)
DA:4,2
DA:6,2
LF:2
LH:2
BRF:0
BRH:0
end_of_record
